<?xml version="1.0" encoding="UTF-8"?>
<testng-results ignored="0" total="1" passed="0" failed="1" skipped="0">
  <reporter-output>
    <line>
      <![CDATA[database connected successfully]]>
    </line>
    <line>
      <![CDATA[browser is luanch]]>
    </line>
    <line>
      <![CDATA[login successfull]]>
    </line>
    <line>
      <![CDATA[logged out successfully]]>
    </line>
    <line>
      <![CDATA[browser is closed]]>
    </line>
    <line>
      <![CDATA[database is disconnected]]>
    </line>
  </reporter-output>
  <suite started-at="2023-05-11T21:33:31 IST" name="Default suite" finished-at="2023-05-11T21:34:33 IST" duration-ms="61997">
    <groups>
    </groups>
    <test started-at="2023-05-11T21:33:31 IST" name="Default test" finished-at="2023-05-11T21:34:33 IST" duration-ms="61997">
      <class name="com.Actitime.TestScripts.Task">
        <test-method is-config="true" signature="dataBaseConnection()[pri:0, instance:com.Actitime.TestScripts.Task@1af2d44a]" started-at="2023-05-11T21:33:31 IST" name="dataBaseConnection" finished-at="2023-05-11T21:33:31 IST" duration-ms="5" status="PASS">
          <reporter-output>
            <line>
              <![CDATA[database connected successfully]]>
            </line>
          </reporter-output>
        </test-method> <!-- dataBaseConnection -->
        <test-method is-config="true" signature="launchBrowser()[pri:0, instance:com.Actitime.TestScripts.Task@1af2d44a]" started-at="2023-05-11T21:33:31 IST" name="launchBrowser" finished-at="2023-05-11T21:34:01 IST" duration-ms="29735" status="PASS">
          <reporter-output>
            <line>
              <![CDATA[browser is luanch]]>
            </line>
          </reporter-output>
        </test-method> <!-- launchBrowser -->
        <test-method is-config="true" signature="loginPre()[pri:0, instance:com.Actitime.TestScripts.Task@1af2d44a]" started-at="2023-05-11T21:34:01 IST" name="loginPre" finished-at="2023-05-11T21:34:07 IST" duration-ms="5364" status="PASS">
          <reporter-output>
            <line>
              <![CDATA[login successfull]]>
            </line>
          </reporter-output>
        </test-method> <!-- loginPre -->
        <test-method signature="createCustomer()[pri:0, instance:com.Actitime.TestScripts.Task@1af2d44a]" started-at="2023-05-11T21:34:07 IST" name="createCustomer" finished-at="2023-05-11T21:34:25 IST" duration-ms="18165" status="FAIL">
          <exception class="org.openqa.selenium.ElementClickInterceptedException">
            <message>
              <![CDATA[element click intercepted: Element <div class="greyButton cancelBtn">...</div> is not clickable at point (1014, 638). Other element would receive the click: <div class="loadingMoire anim-fade-out" style="display: flex;">...</div>
  (Session info: chrome=113.0.5672.93)
Build info: version: '4.8.3', revision: 'b19b418e60'
System info: os.name: 'Windows 11', os.arch: 'amd64', os.version: '10.0', java.version: '11.0.16'
Driver info: org.openqa.selenium.chrome.ChromeDriver
Command: [78fb0edce9d21eb3cb39bfd434cf22a7, clickElement {id=2588FA9BE3ACC09ADEF6624FE56CAF2F_element_120}]
Capabilities {acceptInsecureCerts: false, browserName: chrome, browserVersion: 113.0.5672.93, chrome: {chromedriverVersion: 113.0.5672.63 (0e1a4471d5ae..., userDataDir: C:\Users\NILESH\AppData\Loc...}, goog:chromeOptions: {debuggerAddress: localhost:56640}, networkConnectionEnabled: false, pageLoadStrategy: normal, platformName: WINDOWS, proxy: Proxy(), se:cdp: ws://localhost:56640/devtoo..., se:cdpVersion: 113.0.5672.93, setWindowRect: true, strictFileInteractability: false, timeouts: {implicit: 0, pageLoad: 300000, script: 30000}, unhandledPromptBehavior: dismiss and notify, webauthn:extension:credBlob: true, webauthn:extension:largeBlob: true, webauthn:extension:minPinLength: true, webauthn:extension:prf: true, webauthn:virtualAuthenticators: true}
Element: [[ChromeDriver: chrome on WINDOWS (78fb0edce9d21eb3cb39bfd434cf22a7)] -> xpath: //div[@class='greyButton cancelBtn']]
Session ID: 78fb0edce9d21eb3cb39bfd434cf22a7]]>
            </message>
            <full-stacktrace>
              <![CDATA[org.openqa.selenium.ElementClickInterceptedException: element click intercepted: Element <div class="greyButton cancelBtn">...</div> is not clickable at point (1014, 638). Other element would receive the click: <div class="loadingMoire anim-fade-out" style="display: flex;">...</div>
  (Session info: chrome=113.0.5672.93)
Build info: version: '4.8.3', revision: 'b19b418e60'
System info: os.name: 'Windows 11', os.arch: 'amd64', os.version: '10.0', java.version: '11.0.16'
Driver info: org.openqa.selenium.chrome.ChromeDriver
Command: [78fb0edce9d21eb3cb39bfd434cf22a7, clickElement {id=2588FA9BE3ACC09ADEF6624FE56CAF2F_element_120}]
Capabilities {acceptInsecureCerts: false, browserName: chrome, browserVersion: 113.0.5672.93, chrome: {chromedriverVersion: 113.0.5672.63 (0e1a4471d5ae..., userDataDir: C:\Users\NILESH\AppData\Loc...}, goog:chromeOptions: {debuggerAddress: localhost:56640}, networkConnectionEnabled: false, pageLoadStrategy: normal, platformName: WINDOWS, proxy: Proxy(), se:cdp: ws://localhost:56640/devtoo..., se:cdpVersion: 113.0.5672.93, setWindowRect: true, strictFileInteractability: false, timeouts: {implicit: 0, pageLoad: 300000, script: 30000}, unhandledPromptBehavior: dismiss and notify, webauthn:extension:credBlob: true, webauthn:extension:largeBlob: true, webauthn:extension:minPinLength: true, webauthn:extension:prf: true, webauthn:virtualAuthenticators: true}
Element: [[ChromeDriver: chrome on WINDOWS (78fb0edce9d21eb3cb39bfd434cf22a7)] -> xpath: //div[@class='greyButton cancelBtn']]
Session ID: 78fb0edce9d21eb3cb39bfd434cf22a7
at java.base/jdk.internal.reflect.NativeConstructorAccessorImpl.newInstance0(Native Method)
at java.base/jdk.internal.reflect.NativeConstructorAccessorImpl.newInstance(NativeConstructorAccessorImpl.java:62)
at java.base/jdk.internal.reflect.DelegatingConstructorAccessorImpl.newInstance(DelegatingConstructorAccessorImpl.java:45)
at java.base/java.lang.reflect.Constructor.newInstance(Constructor.java:490)
at org.openqa.selenium.remote.codec.w3c.W3CHttpResponseCodec.createException(W3CHttpResponseCodec.java:200)
at org.openqa.selenium.remote.codec.w3c.W3CHttpResponseCodec.decode(W3CHttpResponseCodec.java:133)
at org.openqa.selenium.remote.codec.w3c.W3CHttpResponseCodec.decode(W3CHttpResponseCodec.java:53)
at org.openqa.selenium.remote.HttpCommandExecutor.execute(HttpCommandExecutor.java:193)
at org.openqa.selenium.remote.service.DriverCommandExecutor.invokeExecute(DriverCommandExecutor.java:183)
at org.openqa.selenium.remote.service.DriverCommandExecutor.execute(DriverCommandExecutor.java:158)
at org.openqa.selenium.remote.RemoteWebDriver.execute(RemoteWebDriver.java:543)
at org.openqa.selenium.remote.RemoteWebElement.execute(RemoteWebElement.java:257)
at org.openqa.selenium.remote.RemoteWebElement.click(RemoteWebElement.java:78)
at java.base/jdk.internal.reflect.NativeMethodAccessorImpl.invoke0(Native Method)
at java.base/jdk.internal.reflect.NativeMethodAccessorImpl.invoke(NativeMethodAccessorImpl.java:62)
at java.base/jdk.internal.reflect.DelegatingMethodAccessorImpl.invoke(DelegatingMethodAccessorImpl.java:43)
at java.base/java.lang.reflect.Method.invoke(Method.java:566)
at org.openqa.selenium.support.pagefactory.internal.LocatingElementHandler.invoke(LocatingElementHandler.java:52)
at com.sun.proxy.$Proxy21.click(Unknown Source)
at com.Actitime.TestScripts.Task.createCustomer(Task.java:41)
at java.base/jdk.internal.reflect.NativeMethodAccessorImpl.invoke0(Native Method)
at java.base/jdk.internal.reflect.NativeMethodAccessorImpl.invoke(NativeMethodAccessorImpl.java:62)
at java.base/jdk.internal.reflect.DelegatingMethodAccessorImpl.invoke(DelegatingMethodAccessorImpl.java:43)
at java.base/java.lang.reflect.Method.invoke(Method.java:566)
at org.testng.internal.MethodInvocationHelper.invokeMethod(MethodInvocationHelper.java:133)
at org.testng.internal.TestInvoker.invokeMethod(TestInvoker.java:598)
at org.testng.internal.TestInvoker.invokeTestMethod(TestInvoker.java:173)
at org.testng.internal.MethodRunner.runInSequence(MethodRunner.java:46)
at org.testng.internal.TestInvoker$MethodInvocationAgent.invoke(TestInvoker.java:824)
at org.testng.internal.TestInvoker.invokeTestMethods(TestInvoker.java:146)
at org.testng.internal.TestMethodWorker.invokeTestMethods(TestMethodWorker.java:146)
at org.testng.internal.TestMethodWorker.run(TestMethodWorker.java:128)
at java.base/java.util.ArrayList.forEach(ArrayList.java:1541)
at org.testng.TestRunner.privateRun(TestRunner.java:794)
at org.testng.TestRunner.run(TestRunner.java:596)
at org.testng.SuiteRunner.runTest(SuiteRunner.java:377)
at org.testng.SuiteRunner.runSequentially(SuiteRunner.java:371)
at org.testng.SuiteRunner.privateRun(SuiteRunner.java:332)
at org.testng.SuiteRunner.run(SuiteRunner.java:276)
at org.testng.SuiteRunnerWorker.runSuite(SuiteRunnerWorker.java:53)
at org.testng.SuiteRunnerWorker.run(SuiteRunnerWorker.java:96)
at org.testng.TestNG.runSuitesSequentially(TestNG.java:1212)
at org.testng.TestNG.runSuitesLocally(TestNG.java:1134)
at org.testng.TestNG.runSuites(TestNG.java:1063)
at org.testng.TestNG.run(TestNG.java:1031)
at org.testng.remote.AbstractRemoteTestNG.run(AbstractRemoteTestNG.java:115)
at org.testng.remote.RemoteTestNG.initAndRun(RemoteTestNG.java:251)
at org.testng.remote.RemoteTestNG.main(RemoteTestNG.java:77)
]]>
            </full-stacktrace>
          </exception> <!-- org.openqa.selenium.ElementClickInterceptedException -->
          <reporter-output>
          </reporter-output>
        </test-method> <!-- createCustomer -->
        <test-method is-config="true" signature="logout()[pri:0, instance:com.Actitime.TestScripts.Task@1af2d44a]" started-at="2023-05-11T21:34:25 IST" name="logout" finished-at="2023-05-11T21:34:33 IST" duration-ms="8291" status="PASS">
          <reporter-output>
            <line>
              <![CDATA[logged out successfully]]>
            </line>
          </reporter-output>
        </test-method> <!-- logout -->
        <test-method is-config="true" signature="closeBrowser()[pri:0, instance:com.Actitime.TestScripts.Task@1af2d44a]" started-at="2023-05-11T21:34:33 IST" name="closeBrowser" finished-at="2023-05-11T21:34:33 IST" duration-ms="128" status="PASS">
          <reporter-output>
            <line>
              <![CDATA[browser is closed]]>
            </line>
          </reporter-output>
        </test-method> <!-- closeBrowser -->
        <test-method is-config="true" signature="dataBaseDisconnection()[pri:0, instance:com.Actitime.TestScripts.Task@1af2d44a]" started-at="2023-05-11T21:34:33 IST" name="dataBaseDisconnection" finished-at="2023-05-11T21:34:33 IST" duration-ms="0" status="PASS">
          <reporter-output>
            <line>
              <![CDATA[database is disconnected]]>
            </line>
          </reporter-output>
        </test-method> <!-- dataBaseDisconnection -->
      </class> <!-- com.Actitime.TestScripts.Task -->
    </test> <!-- Default test -->
  </suite> <!-- Default suite -->
</testng-results>
